<?xml version="1.0" encoding="UTF-8"?>
<testng-results skipped="0" failed="0" ignored="0" total="1" passed="1">
  <reporter-output>
  </reporter-output>
  <suite name="Default suite" duration-ms="162979" started-at="2023-01-02T10:53:16 WAT" finished-at="2023-01-02T10:55:59 WAT">
    <groups>
    </groups>
    <test name="Default test" duration-ms="162979" started-at="2023-01-02T10:53:16 WAT" finished-at="2023-01-02T10:55:59 WAT">
      <class name="testCases.TC_001">
        <test-method status="PASS" signature="login_TC_001()[pri:0, instance:testCases.TC_001@a38d7a3]" name="login_TC_001" duration-ms="162965" started-at="2023-01-02T10:53:16 WAT" finished-at="2023-01-02T10:55:59 WAT">
          <reporter-output>
          </reporter-output>
        </test-method> <!-- login_TC_001 -->
      </class> <!-- testCases.TC_001 -->
    </test> <!-- Default test -->
  </suite> <!-- Default suite -->
</testng-results>
